<?xml version="1.0" encoding="UTF-8"?>
<!-- Generated by org.testng.reporters.JUnitReportReporter -->
<testsuite hostname="DESKTOP-M4HP65I" failures="0" tests="1" name="seleniumwithtestng.BrokenlinkDemo1" time="7.593" errors="0" timestamp="2023-08-25T11:01:09 IST" skipped="0">
  <testcase classname="seleniumwithtestng.BrokenlinkDemo1" name="funA" time="7.593"/>
  <system-out/>
</testsuite> <!-- seleniumwithtestng.BrokenlinkDemo1 -->
