<?xml version="1.0" encoding="UTF-8"?>
<!-- Generated by org.testng.reporters.JUnitReportReporter -->
<testsuite skipped="0" hostname="DESKTOP-M4HP65I" name="testNGDemo.TestngDemo3" tests="4" failures="0" timestamp="2023-11-26T09:41:46 IST" time="0.019" errors="0">
  <testcase name="funB" time="0.010" classname="testNGDemo.TestngDemo3"/>
  <system-out/>
  <testcase name="funC" time="0.003" classname="testNGDemo.TestngDemo3"/>
  <system-out/>
  <testcase name="funD" time="0.003" classname="testNGDemo.TestngDemo3"/>
  <system-out/>
  <testcase name="funA" time="0.003" classname="testNGDemo.TestngDemo3"/>
  <system-out/>
</testsuite> <!-- testNGDemo.TestngDemo3 -->
