<?xml version="1.0" encoding="UTF-8"?>
<!-- Generated by org.testng.reporters.JUnitReportReporter -->
<testsuite hostname="DESKTOP-M4HP65I" failures="0" tests="1" name="seleniumwithtestng.WebtableDemo4" time="7.776" errors="0" timestamp="2023-08-26T08:54:44 IST" skipped="0">
  <testcase classname="seleniumwithtestng.WebtableDemo4" name="f" time="7.776"/>
  <system-out/>
</testsuite> <!-- seleniumwithtestng.WebtableDemo4 -->
