<?xml version="1.0" encoding="UTF-8"?>
<!-- Generated by org.testng.reporters.JUnitReportReporter -->
<testsuite hostname="DESKTOP-M4HP65I" failures="0" tests="1" name="seleniumwithtestng.RightclickDemo1" time="18.423" errors="0" timestamp="2023-08-28T13:48:41 IST" skipped="0">
  <testcase classname="seleniumwithtestng.RightclickDemo1" name="funA" time="18.423"/>
  <system-out/>
</testsuite> <!-- seleniumwithtestng.RightclickDemo1 -->
