<?xml version="1.0" encoding="UTF-8"?>
<!-- Generated by org.testng.reporters.JUnitReportReporter -->
<testsuite hostname="DESKTOP-M4HP65I" failures="0" tests="1" name="seleniumwithtestng.FacebookDemo1" time="11.761" errors="0" timestamp="2023-08-30T15:46:31 IST" skipped="0">
  <testcase classname="seleniumwithtestng.FacebookDemo1" name="funA" time="11.761"/>
  <system-out/>
</testsuite> <!-- seleniumwithtestng.FacebookDemo1 -->
