<?xml version="1.0" encoding="UTF-8"?>
<!-- Generated by org.testng.reporters.JUnitReportReporter -->
<testsuite hostname="DESKTOP-M4HP65I" failures="0" tests="1" name="seleniumwithtestng.SliderDemo1" time="12.846" errors="0" timestamp="2023-08-28T11:15:07 IST" skipped="0">
  <testcase classname="seleniumwithtestng.SliderDemo1" name="funA" time="12.846"/>
  <system-out/>
</testsuite> <!-- seleniumwithtestng.SliderDemo1 -->
