<?xml version="1.0" encoding="UTF-8"?>
<!-- Generated by org.testng.reporters.JUnitReportReporter -->
<testsuite hostname="DESKTOP-M4HP65I" failures="0" tests="1" name="seleniumwithtestng.BrokenlinkDemo4" time="3.682" errors="0" timestamp="2023-08-25T10:59:23 IST" skipped="0">
  <testcase classname="seleniumwithtestng.BrokenlinkDemo4" name="funA" time="3.682"/>
  <system-out/>
</testsuite> <!-- seleniumwithtestng.BrokenlinkDemo4 -->
