<?xml version="1.0" encoding="UTF-8"?>
<!-- Generated by org.testng.reporters.JUnitReportReporter -->
<testsuite skipped="0" hostname="DESKTOP-M4HP65I" name="seleniumwithtestng.WebtableDemo5" tests="1" failures="0" timestamp="2024-02-14T15:34:40 IST" time="8.529" errors="0">
  <testcase name="funA" time="8.529" classname="seleniumwithtestng.WebtableDemo5"/>
  <system-out/>
</testsuite> <!-- seleniumwithtestng.WebtableDemo5 -->
