<?xml version="1.0" encoding="UTF-8"?>
<!-- Generated by org.testng.reporters.JUnitReportReporter -->
<testsuite skipped="0" hostname="DESKTOP-M4HP65I" name="testNGDemo.TestngGroupsDemo1" tests="2" failures="0" timestamp="2023-11-26T09:58:34 IST" time="0.013" errors="0">
  <testcase name="funC" time="0.010" classname="testNGDemo.TestngGroupsDemo1"/>
  <system-out/>
  <testcase name="funD" time="0.003" classname="testNGDemo.TestngGroupsDemo1"/>
  <system-out/>
</testsuite> <!-- testNGDemo.TestngGroupsDemo1 -->
