<?xml version="1.0" encoding="UTF-8"?>
<!-- Generated by org.testng.reporters.JUnitReportReporter -->
<testsuite skipped="0" hostname="DESKTOP-M4HP65I" name="seleniumwithtestng.AlertDemo1" tests="1" failures="0" timestamp="2024-02-02T17:32:05 IST" time="18.278" errors="0">
  <testcase name="funA" time="18.278" classname="seleniumwithtestng.AlertDemo1"/>
  <system-out/>
</testsuite> <!-- seleniumwithtestng.AlertDemo1 -->
