<?xml version="1.0" encoding="UTF-8"?>
<!-- Generated by org.testng.reporters.JUnitReportReporter -->
<testsuite hostname="DESKTOP-M4HP65I" failures="0" tests="1" name="seleniumwithtestng.PagetitleDemo1" time="8.416" errors="0" timestamp="2023-08-26T10:31:15 IST" skipped="0">
  <testcase classname="seleniumwithtestng.PagetitleDemo1" name="f" time="8.416"/>
  <system-out/>
</testsuite> <!-- seleniumwithtestng.PagetitleDemo1 -->
