<?xml version="1.0" encoding="UTF-8"?>
<!-- Generated by org.testng.reporters.JUnitReportReporter -->
<testsuite hostname="DESKTOP-M4HP65I" failures="0" tests="1" name="seleniumwithtestng.WebTableDemo3" time="5.195" errors="0" timestamp="2023-08-25T13:00:47 IST" skipped="0">
  <testcase classname="seleniumwithtestng.WebTableDemo3" name="funA" time="5.195"/>
  <system-out/>
</testsuite> <!-- seleniumwithtestng.WebTableDemo3 -->
