<?xml version="1.0" encoding="UTF-8"?>
<!-- Generated by org.testng.reporters.JUnitReportReporter -->
<testsuite hostname="DESKTOP-M4HP65I" failures="0" tests="1" name="seleniumwithmigrestion.InputboxDemo1" time="7.648" errors="0" timestamp="2023-08-21T12:18:05 IST" skipped="0">
  <testcase classname="seleniumwithmigrestion.InputboxDemo1" name="funA" time="7.648"/>
  <system-out/>
</testsuite> <!-- seleniumwithmigrestion.InputboxDemo1 -->
