<?xml version="1.0" encoding="UTF-8"?>
<!-- Generated by org.testng.reporters.JUnitReportReporter -->
<testsuite hostname="DESKTOP-M4HP65I" failures="0" tests="1" name="IoDemo.PropertiesDemo1" time="0.016" errors="0" timestamp="2023-09-04T11:13:04 IST" skipped="0">
  <testcase classname="IoDemo.PropertiesDemo1" name="testProperties" time="0.016"/>
  <system-out/>
</testsuite> <!-- IoDemo.PropertiesDemo1 -->
