<?xml version="1.0" encoding="UTF-8"?>
<!-- Generated by org.testng.reporters.JUnitReportReporter -->
<testsuite skipped="0" hostname="DESKTOP-M4HP65I" name="testNGDemo.TestngAnnotationsDemo1" tests="2" failures="0" timestamp="2023-11-26T10:14:23 IST" time="0.017" errors="0">
  <testcase name="funA" time="0.013" classname="testNGDemo.TestngAnnotationsDemo1"/>
  <system-out/>
  <testcase name="funB" time="0.004" classname="testNGDemo.TestngAnnotationsDemo1"/>
  <system-out/>
</testsuite> <!-- testNGDemo.TestngAnnotationsDemo1 -->
