<?xml version="1.0" encoding="UTF-8"?>
<!-- Generated by org.testng.reporters.JUnitReportReporter -->
<testsuite hostname="DESKTOP-M4HP65I" failures="0" tests="1" name="testNGDemo.TestngAnnotationsDemo4" time="0.012" errors="0" timestamp="2023-08-18T16:11:50 IST" skipped="0">
  <testcase classname="testNGDemo.TestngAnnotationsDemo4" name="funA" time="0.012"/>
  <system-out/>
</testsuite> <!-- testNGDemo.TestngAnnotationsDemo4 -->
