<?xml version="1.0" encoding="UTF-8"?>
<!-- Generated by org.testng.reporters.JUnitReportReporter -->
<testsuite hostname="DESKTOP-M4HP65I" failures="0" tests="1" name="seleniumwithmigrestion.CheckboxDemo2a" time="18.560" errors="0" timestamp="2023-08-20T20:26:36 IST" skipped="0">
  <testcase classname="seleniumwithmigrestion.CheckboxDemo2a" name="funA" time="18.560"/>
  <system-out/>
</testsuite> <!-- seleniumwithmigrestion.CheckboxDemo2a -->
