<?xml version="1.0" encoding="UTF-8"?>
<!-- Generated by org.testng.reporters.JUnitReportReporter -->
<testsuite hostname="DESKTOP-M4HP65I" failures="0" tests="1" name="seleniumwithtestng.CloseandQuitDemo1" time="8.434" errors="0" timestamp="2023-08-29T09:22:09 IST" skipped="0">
  <testcase classname="seleniumwithtestng.CloseandQuitDemo1" name="funA" time="8.434"/>
  <system-out/>
</testsuite> <!-- seleniumwithtestng.CloseandQuitDemo1 -->
