<?xml version="1.0" encoding="UTF-8"?>
<!-- Generated by org.testng.reporters.JUnitReportReporter -->
<testsuite hostname="DESKTOP-M4HP65I" failures="0" tests="1" name="seleniumwithtestng.DoubleclickDemo1" time="14.772" errors="0" timestamp="2023-08-28T11:40:25 IST" skipped="0">
  <testcase classname="seleniumwithtestng.DoubleclickDemo1" name="funA" time="14.772"/>
  <system-out/>
</testsuite> <!-- seleniumwithtestng.DoubleclickDemo1 -->
