<?xml version="1.0" encoding="UTF-8"?>
<!-- Generated by org.testng.reporters.JUnitReportReporter -->
<testsuite hostname="DESKTOP-M4HP65I" failures="0" tests="1" name="IoDemo.FileDemo1" time="0.015" errors="0" timestamp="2023-09-04T11:09:01 IST" skipped="0">
  <testcase classname="IoDemo.FileDemo1" name="fileTest" time="0.015"/>
  <system-out/>
</testsuite> <!-- IoDemo.FileDemo1 -->
