<?xml version="1.0" encoding="UTF-8"?>
<!-- Generated by org.testng.reporters.JUnitReportReporter -->
<testsuite hostname="DESKTOP-M4HP65I" failures="0" tests="1" name="testNGDemo.TestngAnnottionDemo1" time="0.003" errors="0" timestamp="2023-08-18T08:57:49 IST" skipped="0">
  <testcase classname="testNGDemo.TestngAnnottionDemo1" name="f" time="0.003"/>
  <system-out/>
</testsuite> <!-- testNGDemo.TestngAnnottionDemo1 -->
