<?xml version="1.0" encoding="UTF-8"?>
<!-- Generated by org.testng.reporters.JUnitReportReporter -->
<testsuite skipped="0" hostname="DESKTOP-M4HP65I" name="seleniumwithtestng.AlertDemo2" tests="1" failures="0" timestamp="2024-02-02T17:33:13 IST" time="14.621" errors="0">
  <testcase name="f" time="14.621" classname="seleniumwithtestng.AlertDemo2"/>
  <system-out/>
</testsuite> <!-- seleniumwithtestng.AlertDemo2 -->
