<?xml version="1.0" encoding="UTF-8"?>
<!-- Generated by org.testng.reporters.JUnitReportReporter -->
<testsuite hostname="DESKTOP-M4HP65I" failures="0" tests="1" name="seleniumwithtestng.ImplicitwaitDemo2" time="7.460" errors="0" timestamp="2023-09-02T09:03:39 IST" skipped="0">
  <testcase classname="seleniumwithtestng.ImplicitwaitDemo2" name="funA" time="7.460"/>
  <system-out/>
</testsuite> <!-- seleniumwithtestng.ImplicitwaitDemo2 -->
