<?xml version="1.0" encoding="UTF-8"?>
<!-- Generated by org.testng.reporters.JUnitReportReporter -->
<testsuite hostname="DESKTOP-M4HP65I" failures="0" tests="1" name="seleniumwithtestng.IframeDemo1" time="10.060" errors="0" timestamp="2023-08-22T09:15:15 IST" skipped="0">
  <testcase classname="seleniumwithtestng.IframeDemo1" name="funA" time="10.060"/>
  <system-out/>
</testsuite> <!-- seleniumwithtestng.IframeDemo1 -->
