<?xml version="1.0" encoding="UTF-8"?>
<!-- Generated by org.testng.reporters.JUnitReportReporter -->
<testsuite hostname="DESKTOP-M4HP65I" failures="0" tests="1" name="seleniumwithtestng.WebtableDemo6" time="4.985" errors="0" timestamp="2023-08-26T16:01:23 IST" skipped="0">
  <testcase classname="seleniumwithtestng.WebtableDemo6" name="f" time="4.985"/>
  <system-out/>
</testsuite> <!-- seleniumwithtestng.WebtableDemo6 -->
