<?xml version="1.0" encoding="UTF-8"?>
<!-- Generated by org.testng.reporters.JUnitReportReporter -->
<testsuite hostname="DESKTOP-M4HP65I" failures="0" tests="1" name="seleniumwithmigrestion.InputboxDemo4" time="4.747" errors="0" timestamp="2023-08-21T13:03:19 IST" skipped="0">
  <testcase classname="seleniumwithmigrestion.InputboxDemo4" name="funA" time="4.747"/>
  <system-out/>
</testsuite> <!-- seleniumwithmigrestion.InputboxDemo4 -->
