<?xml version="1.0" encoding="UTF-8"?>
<!-- Generated by org.testng.reporters.JUnitReportReporter -->
<testsuite skipped="0" hostname="DESKTOP-M4HP65I" name="ddfwDemo1.DataProviderDemo3" tests="4" failures="0" timestamp="2024-02-06T18:18:11 IST" time="0.019" errors="0">
  <testcase name="funA" time="0.004" classname="ddfwDemo1.DataProviderDemo3"/>
  <system-out/>
  <testcase name="funA" time="0.004" classname="ddfwDemo1.DataProviderDemo3"/>
  <system-out/>
  <testcase name="funA" time="0.009" classname="ddfwDemo1.DataProviderDemo3"/>
  <system-out/>
  <testcase name="funA" time="0.002" classname="ddfwDemo1.DataProviderDemo3"/>
  <system-out/>
</testsuite> <!-- ddfwDemo1.DataProviderDemo3 -->
