<?xml version="1.0" encoding="UTF-8"?>
<!-- Generated by org.testng.reporters.JUnitReportReporter -->
<testsuite hostname="DESKTOP-M4HP65I" failures="0" tests="1" name="seleniumwithtestng.DragandDropDemo1" time="8.004" errors="0" timestamp="2023-08-28T08:59:51 IST" skipped="0">
  <testcase classname="seleniumwithtestng.DragandDropDemo1" name="funA" time="8.004"/>
  <system-out/>
</testsuite> <!-- seleniumwithtestng.DragandDropDemo1 -->
