<?xml version="1.0" encoding="UTF-8"?>
<!-- Generated by org.testng.reporters.JUnitReportReporter -->
<testsuite hostname="DESKTOP-M4HP65I" failures="0" tests="1" name="seleniumwithtestng.PopwindowhandleDemo1" time="7.807" errors="0" timestamp="2023-08-26T10:35:05 IST" skipped="0">
  <testcase classname="seleniumwithtestng.PopwindowhandleDemo1" name="funA" time="7.807"/>
  <system-out/>
</testsuite> <!-- seleniumwithtestng.PopwindowhandleDemo1 -->
