<?xml version="1.0" encoding="UTF-8"?>
<!-- Generated by org.testng.reporters.JUnitReportReporter -->
<testsuite hostname="DESKTOP-M4HP65I" failures="0" tests="1" name="seleniumwithtestng.CloseandQuitDemo2A" time="10.865" errors="0" timestamp="2023-08-29T09:09:49 IST" skipped="0">
  <testcase classname="seleniumwithtestng.CloseandQuitDemo2A" name="f" time="10.865"/>
  <system-out/>
</testsuite> <!-- seleniumwithtestng.CloseandQuitDemo2A -->
