<?xml version="1.0" encoding="UTF-8"?>
<!-- Generated by org.testng.reporters.JUnitReportReporter -->
<testsuite skipped="0" hostname="DESKTOP-M4HP65I" name="testNGDemo.TestngDemo2" tests="4" failures="0" timestamp="2023-11-26T09:41:11 IST" time="0.019" errors="0">
  <testcase name="funC" time="0.002" classname="testNGDemo.TestngDemo2"/>
  <system-out/>
  <testcase name="funD" time="0.002" classname="testNGDemo.TestngDemo2"/>
  <system-out/>
  <testcase name="funA" time="0.013" classname="testNGDemo.TestngDemo2"/>
  <system-out/>
  <testcase name="funB" time="0.002" classname="testNGDemo.TestngDemo2"/>
  <system-out/>
</testsuite> <!-- testNGDemo.TestngDemo2 -->
