<?xml version="1.0" encoding="UTF-8"?>
<!-- Generated by org.testng.reporters.JUnitReportReporter -->
<testsuite skipped="0" hostname="DESKTOP-M4HP65I" name="testNGDemo.TestngAnnotationsDemo3" tests="1" failures="0" timestamp="2023-11-26T10:12:28 IST" time="0.002" errors="0">
  <testcase name="funA" time="0.002" classname="testNGDemo.TestngAnnotationsDemo3"/>
  <system-out/>
</testsuite> <!-- testNGDemo.TestngAnnotationsDemo3 -->
