<?xml version="1.0" encoding="UTF-8"?>
<!-- Generated by org.testng.reporters.JUnitReportReporter -->
<testsuite hostname="DESKTOP-M4HP65I" failures="0" tests="1" name="seleniumwithtestng.IframeDemo2" time="8.466" errors="0" timestamp="2023-08-22T13:46:33 IST" skipped="0">
  <testcase classname="seleniumwithtestng.IframeDemo2" name="funA" time="8.466"/>
  <system-out/>
</testsuite> <!-- seleniumwithtestng.IframeDemo2 -->
