<?xml version="1.0" encoding="UTF-8"?>
<!-- Generated by org.testng.reporters.JUnitReportReporter -->
<testsuite hostname="DESKTOP-M4HP65I" failures="0" tests="1" name="seleniumwithtestng.PopwindowhandleDemo3" time="11.598" errors="0" timestamp="2023-08-26T16:33:52 IST" skipped="0">
  <testcase classname="seleniumwithtestng.PopwindowhandleDemo3" name="funA" time="11.598"/>
  <system-out/>
</testsuite> <!-- seleniumwithtestng.PopwindowhandleDemo3 -->
