<?xml version="1.0" encoding="UTF-8"?>
<!-- Generated by org.testng.reporters.JUnitReportReporter -->
<testsuite hostname="DESKTOP-M4HP65I" failures="0" tests="1" name="seleniumwithtestng.CloseandQuitDemo2" time="7.901" errors="0" timestamp="2023-08-29T09:23:16 IST" skipped="0">
  <testcase classname="seleniumwithtestng.CloseandQuitDemo2" name="funA" time="7.901"/>
  <system-out/>
</testsuite> <!-- seleniumwithtestng.CloseandQuitDemo2 -->
