<?xml version="1.0" encoding="UTF-8"?>
<!-- Generated by org.testng.reporters.JUnitReportReporter -->
<testsuite hostname="DESKTOP-M4HP65I" failures="0" tests="2" name="testNGDemo.TestngAnntationDemo1" time="0.020" errors="0" timestamp="2023-08-18T09:38:02 IST" skipped="0">
  <testcase classname="testNGDemo.TestngAnntationDemo1" name="funA" time="0.015"/>
  <system-out/>
  <testcase classname="testNGDemo.TestngAnntationDemo1" name="funB" time="0.005"/>
  <system-out/>
</testsuite> <!-- testNGDemo.TestngAnntationDemo1 -->
