<?xml version="1.0" encoding="UTF-8"?>
<!-- Generated by org.testng.reporters.JUnitReportReporter -->
<testsuite hostname="DESKTOP-M4HP65I" failures="0" tests="1" name="seleniumwithtestng.DropdownDemo1" time="8.639" errors="0" timestamp="2023-08-20T12:09:17 IST" skipped="0">
  <testcase classname="seleniumwithtestng.DropdownDemo1" name="funA" time="8.639"/>
  <system-out/>
</testsuite> <!-- seleniumwithtestng.DropdownDemo1 -->
