<?xml version="1.0" encoding="UTF-8"?>
<!-- Generated by org.testng.reporters.JUnitReportReporter -->
<testsuite hostname="DESKTOP-M4HP65I" failures="0" tests="1" name="testNGDemo.NewTest" time="0.006" errors="0" timestamp="2023-08-18T14:30:59 IST" skipped="0">
  <testcase classname="testNGDemo.NewTest" name="f" time="0.006"/>
  <system-out/>
</testsuite> <!-- testNGDemo.NewTest -->
