<?xml version="1.0" encoding="UTF-8"?>
<!-- Generated by org.testng.reporters.JUnitReportReporter -->
<testsuite skipped="0" hostname="DESKTOP-M4HP65I" name="seleniumwithtestng.Amazon" tests="1" failures="0" timestamp="2024-02-08T18:33:48 IST" time="16.973" errors="0">
  <testcase name="Amazon" time="16.973" classname="seleniumwithtestng.Amazon"/>
  <system-out/>
</testsuite> <!-- seleniumwithtestng.Amazon -->
