<?xml version="1.0" encoding="UTF-8"?>
<!-- Generated by org.testng.reporters.JUnitReportReporter -->
<testsuite skipped="0" hostname="DESKTOP-M4HP65I" name="testNGDemo.OrangehrmAssignment2" tests="1" failures="0" timestamp="2024-02-14T10:43:28 IST" time="55.649" errors="0">
  <testcase name="OrangehrmAssignment2" time="55.649" classname="testNGDemo.OrangehrmAssignment2"/>
  <system-out/>
</testsuite> <!-- testNGDemo.OrangehrmAssignment2 -->
