<?xml version="1.0" encoding="UTF-8"?>
<!-- Generated by org.testng.reporters.JUnitReportReporter -->
<testsuite hostname="DESKTOP-M4HP65I" failures="0" tests="1" name="testNGDemo.TestngDemo1" time="0.010" errors="0" timestamp="2023-08-18T14:30:59 IST" skipped="0">
  <testcase classname="testNGDemo.TestngDemo1" name="funA" time="0.010"/>
  <system-out/>
</testsuite> <!-- testNGDemo.TestngDemo1 -->
