<?xml version="1.0" encoding="UTF-8"?>
<!-- Generated by org.testng.reporters.JUnitReportReporter -->
<testsuite hostname="DESKTOP-M4HP65I" failures="0" tests="1" name="seleniumwithtestng.CloseandQuitDemo1A" time="10.444" errors="0" timestamp="2023-08-29T09:07:24 IST" skipped="0">
  <testcase classname="seleniumwithtestng.CloseandQuitDemo1A" name="funA" time="10.444"/>
  <system-out/>
</testsuite> <!-- seleniumwithtestng.CloseandQuitDemo1A -->
