<?xml version="1.0" encoding="UTF-8"?>
<!-- Generated by org.testng.reporters.JUnitReportReporter -->
<testsuite hostname="DESKTOP-M4HP65I" failures="0" tests="1" name="seleniumwithmigrestion.InputboxDemo3" time="4.634" errors="0" timestamp="2023-08-21T12:43:40 IST" skipped="0">
  <testcase classname="seleniumwithmigrestion.InputboxDemo3" name="funA" time="4.634"/>
  <system-out/>
</testsuite> <!-- seleniumwithmigrestion.InputboxDemo3 -->
