<?xml version="1.0" encoding="UTF-8"?>
<!-- Generated by org.testng.reporters.JUnitReportReporter -->
<testsuite skipped="0" hostname="DESKTOP-M4HP65I" name="ddfwDemo1.DataProviderDemo4" tests="4" failures="0" timestamp="2024-02-06T18:25:19 IST" time="78.387" errors="0">
  <testcase name="logintest" time="12.603" classname="ddfwDemo1.DataProviderDemo4"/>
  <system-out/>
  <testcase name="logintest" time="21.681" classname="ddfwDemo1.DataProviderDemo4"/>
  <system-out/>
  <testcase name="logintest" time="26.473" classname="ddfwDemo1.DataProviderDemo4"/>
  <system-out/>
  <testcase name="logintest" time="17.630" classname="ddfwDemo1.DataProviderDemo4"/>
  <system-out/>
</testsuite> <!-- ddfwDemo1.DataProviderDemo4 -->
