<?xml version="1.0" encoding="UTF-8"?>
<!-- Generated by org.testng.reporters.JUnitReportReporter -->
<testsuite hostname="DESKTOP-M4HP65I" failures="0" tests="1" name="seleniumwithtestng.mousehourDemo1" time="9.963" errors="0" timestamp="2023-09-02T13:00:07 IST" skipped="0">
  <testcase classname="seleniumwithtestng.mousehourDemo1" name="funA" time="9.963"/>
  <system-out/>
</testsuite> <!-- seleniumwithtestng.mousehourDemo1 -->
