<?xml version="1.0" encoding="UTF-8"?>
<!-- Generated by org.testng.reporters.JUnitReportReporter -->
<testsuite hostname="DESKTOP-M4HP65I" failures="0" tests="2" name="testNGDemo.TestngAnnotationDemo1" time="0.017" errors="0" timestamp="2023-08-18T15:26:55 IST" skipped="0">
  <testcase classname="testNGDemo.TestngAnnotationDemo1" name="funB" time="0.005"/>
  <system-out/>
  <testcase classname="testNGDemo.TestngAnnotationDemo1" name="funA" time="0.012"/>
  <system-out/>
</testsuite> <!-- testNGDemo.TestngAnnotationDemo1 -->
