<?xml version="1.0" encoding="UTF-8"?>
<!-- Generated by org.testng.reporters.JUnitReportReporter -->
<testsuite skipped="0" hostname="DESKTOP-M4HP65I" name="ddfwDemo1.TestngInwokeDemo1" tests="1" failures="0" timestamp="2024-02-06T18:36:56 IST" time="0.009" errors="0">
  <testcase name="funA" time="0.009" classname="ddfwDemo1.TestngInwokeDemo1"/>
  <system-out/>
</testsuite> <!-- ddfwDemo1.TestngInwokeDemo1 -->
