<?xml version="1.0" encoding="UTF-8"?>
<!-- Generated by org.testng.reporters.JUnitReportReporter -->
<testsuite skipped="0" hostname="DESKTOP-M4HP65I" name="seleniumwithmigrestion.ButtonDemo1" tests="1" failures="0" timestamp="2023-11-21T08:09:51 IST" time="6.582" errors="0">
  <testcase name="funA" time="6.582" classname="seleniumwithmigrestion.ButtonDemo1"/>
  <system-out/>
</testsuite> <!-- seleniumwithmigrestion.ButtonDemo1 -->
