<?xml version="1.0" encoding="UTF-8"?>
<!-- Generated by org.testng.reporters.JUnitReportReporter -->
<testsuite hostname="DESKTOP-M4HP65I" failures="0" tests="1" name="IoDemo.FileinputoutputDemo1" time="0.018" errors="0" timestamp="2023-09-04T10:49:45 IST" skipped="0">
  <testcase classname="IoDemo.FileinputoutputDemo1" name="ioTest" time="0.018"/>
  <system-out/>
</testsuite> <!-- IoDemo.FileinputoutputDemo1 -->
