<?xml version="1.0" encoding="UTF-8"?>
<!-- Generated by org.testng.reporters.JUnitReportReporter -->
<testsuite hostname="DESKTOP-M4HP65I" failures="0" tests="1" name="seleniumwithtestng.AlertDemo4" time="16.350" errors="0" timestamp="2023-08-23T11:38:51 IST" skipped="0">
  <testcase classname="seleniumwithtestng.AlertDemo4" name="f" time="16.350"/>
  <system-out/>
</testsuite> <!-- seleniumwithtestng.AlertDemo4 -->
