<?xml version="1.0" encoding="UTF-8"?>
<!-- Generated by org.testng.reporters.JUnitReportReporter -->
<testsuite hostname="DESKTOP-M4HP65I" failures="0" tests="1" name="seleniumwithtestng.AlertDemo5" time="26.220" errors="0" timestamp="2023-08-23T15:10:09 IST" skipped="0">
  <testcase classname="seleniumwithtestng.AlertDemo5" name="funA" time="26.220"/>
  <system-out/>
</testsuite> <!-- seleniumwithtestng.AlertDemo5 -->
